#-----------------------------------------------------------
# Vivado v2019.1 (64-bit)
# SW Build 2552052 on Fri May 24 14:49:42 MDT 2019
# IP Build 2548770 on Fri May 24 18:01:18 MDT 2019
# Start of session at: Wed Dec  3 09:48:05 2025
# Process ID: 19984
# Current directory: C:/Users/QADEER KHAN/Documents/lab41
# Command line: vivado.exe -gui_launcher_event rodinguilauncherevent13220 C:\Users\QADEER KHAN\Documents\lab41\lab41.xpr
# Log file: C:/Users/QADEER KHAN/Documents/lab41/vivado.log
# Journal file: C:/Users/QADEER KHAN/Documents/lab41\vivado.jou
#-----------------------------------------------------------
start_gui
open_project {C:/Users/QADEER KHAN/Documents/lab41/lab41.xpr}
Scanning sources...
Finished scanning sources
INFO: [IP_Flow 19-234] Refreshing IP repositories
INFO: [IP_Flow 19-1704] No user IP repositories specified
INFO: [IP_Flow 19-2313] Loaded Vivado IP repository 'D:/vivado/Vivado/2019.1/data/ip'.
open_project: Time (s): cpu = 00:00:20 ; elapsed = 00:00:15 . Memory (MB): peak = 777.324 ; gain = 123.047
update_compile_order -fileset sources_1
add_files -norecurse {{C:/Users/QADEER KHAN/Downloads/l4_tools/Verilog/uart_tx.v} {C:/Users/QADEER KHAN/Downloads/l4_tools/Verilog/uart_rx.v}}
update_compile_order -fileset sources_1
launch_simulation
INFO: [Vivado 12-5682] Launching behavioral simulation in 'C:/Users/QADEER KHAN/Documents/lab41/lab41.sim/sim_1/behav/xsim'
INFO: [SIM-utils-51] Simulation object is 'sim_1'
INFO: [SIM-utils-54] Inspecting design source files for 'loopback_testbench_v_tf' in fileset 'sim_1'...
INFO: [USF-XSim-97] Finding global include files...
INFO: [USF-XSim-98] Fetching design files from 'sim_1'...
INFO: [USF-XSim-2] XSim::Compile design
INFO: [USF-XSim-61] Executing 'COMPILE and ANALYZE' step in 'C:/Users/QADEER KHAN/Documents/lab41/lab41.sim/sim_1/behav/xsim'
"xvlog --incr --relax -prj loopback_testbench_v_tf_vlog.prj"
INFO: [USF-XSim-69] 'compile' step finished in '1' seconds
INFO: [USF-XSim-3] XSim::Elaborate design
INFO: [USF-XSim-61] Executing 'ELABORATE' step in 'C:/Users/QADEER KHAN/Documents/lab41/lab41.sim/sim_1/behav/xsim'
"xelab -wto daa1c6d1415945b0b2128e601514497f --incr --debug typical --relax --mt 2 -L xil_defaultlib -L unisims_ver -L unimacro_ver -L secureip --snapshot loopback_testbench_v_tf_behav xil_defaultlib.loopback_testbench_v_tf xil_defaultlib.glbl -log elaborate.log"
Vivado Simulator 2019.1
Copyright 1986-1999, 2001-2019 Xilinx, Inc. All Rights Reserved.
Running: D:/vivado/Vivado/2019.1/bin/unwrapped/win64.o/xelab.exe -wto daa1c6d1415945b0b2128e601514497f --incr --debug typical --relax --mt 2 -L xil_defaultlib -L unisims_ver -L unimacro_ver -L secureip --snapshot loopback_testbench_v_tf_behav xil_defaultlib.loopback_testbench_v_tf xil_defaultlib.glbl -log elaborate.log 
Using 2 slave threads.
Starting static elaboration
Completed static elaboration
INFO: [XSIM 43-4323] No Change in HDL. Linking previously generated obj files to create kernel
INFO: [USF-XSim-69] 'elaborate' step finished in '3' seconds
INFO: [USF-XSim-4] XSim::Simulate design
INFO: [USF-XSim-61] Executing 'SIMULATE' step in 'C:/Users/QADEER KHAN/Documents/lab41/lab41.sim/sim_1/behav/xsim'
INFO: [USF-XSim-98] *** Running xsim
   with args "loopback_testbench_v_tf_behav -key {Behavioral:sim_1:Functional:loopback_testbench_v_tf} -tclbatch {loopback_testbench_v_tf.tcl} -view {{C:/Users/QADEER KHAN/Documents/lab41/loopback_testbench_v_tf_behav.wcfg}} -log {simulate.log}"
INFO: [USF-XSim-8] Loading simulator feature
Vivado Simulator 2019.1
Time resolution is 1 ps
open_wave_config {C:/Users/QADEER KHAN/Documents/lab41/loopback_testbench_v_tf_behav.wcfg}
source loopback_testbench_v_tf.tcl
# set curr_wave [current_wave_config]
# if { [string length $curr_wave] == 0 } {
#   if { [llength [get_objects]] > 0} {
#     add_wave /
#     set_property needs_save false [current_wave_config]
#   } else {
#      send_msg_id Add_Wave-1 WARNING "No top level signals found. Simulator will start without a wave window. If you want to open a wave window go to 'File->New Waveform Configuration' or type 'create_wave_config' in the TCL console."
#   }
# }
# run 1000ns
If simulation ends prematurely, restart
using 'run -all' on the command line.
Reset is deasserted...
INFO: [USF-XSim-96] XSim completed. Design snapshot 'loopback_testbench_v_tf_behav' loaded.
INFO: [USF-XSim-97] XSim simulation ran for 1000ns
launch_simulation: Time (s): cpu = 00:00:10 ; elapsed = 00:00:10 . Memory (MB): peak = 829.895 ; gain = 33.289
run 5 ms
PASS: LEDs equal switches.
PASS: LEDs equal switches.
Simulation is over, check the waveforms.
$stop called at time : 40900 ns : File "C:/Users/QADEER KHAN/Downloads/l4_tools/testbench.v" Line 110
run all
run: Time (s): cpu = 00:00:35 ; elapsed = 00:02:35 . Memory (MB): peak = 862.227 ; gain = 18.328
close_sim
INFO: [Simtcl 6-16] Simulation closed
exit
INFO: [Common 17-206] Exiting Vivado at Wed Dec  3 09:59:55 2025...
