
*** Running vivado
    with args -log loopback.vds -m64 -product Vivado -mode batch -messageDb vivado.pb -notrace -source loopback.tcl


****** Vivado v2019.1 (64-bit)
  **** SW Build 2552052 on Fri May 24 14:49:42 MDT 2019
  **** IP Build 2548770 on Fri May 24 18:01:18 MDT 2019
    ** Copyright 1986-2019 Xilinx, Inc. All Rights Reserved.

source loopback.tcl -notrace
Command: synth_design -top loopback -part xa7a12tcpg238-2I
Starting synth_design
Attempting to get a license for feature 'Synthesis' and/or device 'xa7a12t'
INFO: [Common 17-349] Got license for feature 'Synthesis' and/or device 'xa7a12t'
INFO: [Device 21-403] Loading part xa7a12tcpg238-2I
INFO: Launching helper process for spawning children vivado processes
INFO: Helper process launched with PID 21396 
---------------------------------------------------------------------------------
Starting RTL Elaboration : Time (s): cpu = 00:00:04 ; elapsed = 00:00:05 . Memory (MB): peak = 781.395 ; gain = 177.684
---------------------------------------------------------------------------------
INFO: [Synth 8-6157] synthesizing module 'loopback' [C:/Users/QADEER KHAN/Downloads/l4_tools/loopback.v:15]
INFO: [Synth 8-6157] synthesizing module 'kcpsm6' [C:/Users/QADEER KHAN/Downloads/l4_tools/PicoBlaze6_A7_KCPSM6/l4_tools_Picoblaze6/KCPSM6/kcpsm6.v:77]
	Parameter hwbuild bound to: 8'b00000000 
	Parameter interrupt_vector bound to: 12'b001111111111 
	Parameter scratch_pad_memory_size bound to: 64 - type: integer 
INFO: [Synth 8-6157] synthesizing module 'LUT6_2' [D:/vivado/Vivado/2019.1/scripts/rt/data/unisim_comp.v:39264]
	Parameter INIT bound to: 64'b1111111100000000111100001111000011001100110011001010101010101010 
INFO: [Synth 8-6155] done synthesizing module 'LUT6_2' (1#1) [D:/vivado/Vivado/2019.1/scripts/rt/data/unisim_comp.v:39264]
INFO: [Synth 8-6157] synthesizing module 'LUT6' [D:/vivado/Vivado/2019.1/scripts/rt/data/unisim_comp.v:39218]
	Parameter INIT bound to: 64'b0000000010101010000000001111111100110011110011000000111100000000 
INFO: [Synth 8-6155] done synthesizing module 'LUT6' (2#1) [D:/vivado/Vivado/2019.1/scripts/rt/data/unisim_comp.v:39218]
INFO: [Synth 8-6157] synthesizing module 'XORCY' [D:/vivado/Vivado/2019.1/scripts/rt/data/unisim_comp.v:82038]
INFO: [Synth 8-6155] done synthesizing module 'XORCY' (3#1) [D:/vivado/Vivado/2019.1/scripts/rt/data/unisim_comp.v:82038]
INFO: [Synth 8-6157] synthesizing module 'MUXCY' [D:/vivado/Vivado/2019.1/scripts/rt/data/unisim_comp.v:42746]
INFO: [Synth 8-6155] done synthesizing module 'MUXCY' (4#1) [D:/vivado/Vivado/2019.1/scripts/rt/data/unisim_comp.v:42746]
INFO: [Synth 8-6157] synthesizing module 'FD' [D:/vivado/Vivado/2019.1/scripts/rt/data/unisim_comp.v:13423]
	Parameter INIT bound to: 1'b0 
INFO: [Synth 8-6155] done synthesizing module 'FD' (5#1) [D:/vivado/Vivado/2019.1/scripts/rt/data/unisim_comp.v:13423]
INFO: [Synth 8-6157] synthesizing module 'FDRE' [D:/vivado/Vivado/2019.1/scripts/rt/data/unisim_comp.v:13664]
	Parameter INIT bound to: 1'b0 
	Parameter IS_C_INVERTED bound to: 1'b0 
	Parameter IS_D_INVERTED bound to: 1'b0 
	Parameter IS_R_INVERTED bound to: 1'b0 
INFO: [Synth 8-6155] done synthesizing module 'FDRE' (6#1) [D:/vivado/Vivado/2019.1/scripts/rt/data/unisim_comp.v:13664]
INFO: [Synth 8-6157] synthesizing module 'LUT6__parameterized0' [D:/vivado/Vivado/2019.1/scripts/rt/data/unisim_comp.v:39218]
	Parameter INIT bound to: 64'b0000000010101010000000001111111111001100110011001111000000000000 
INFO: [Synth 8-6155] done synthesizing module 'LUT6__parameterized0' (6#1) [D:/vivado/Vivado/2019.1/scripts/rt/data/unisim_comp.v:39218]
INFO: [Synth 8-6157] synthesizing module 'LUT6__parameterized1' [D:/vivado/Vivado/2019.1/scripts/rt/data/unisim_comp.v:39218]
	Parameter INIT bound to: 64'b0000000010101010000000000000000011001100110011001111000000000000 
INFO: [Synth 8-6155] done synthesizing module 'LUT6__parameterized1' (6#1) [D:/vivado/Vivado/2019.1/scripts/rt/data/unisim_comp.v:39218]
INFO: [Synth 8-6157] synthesizing module 'FDR' [D:/vivado/Vivado/2019.1/scripts/rt/data/unisim_comp.v:13651]
	Parameter INIT bound to: 1'b0 
INFO: [Synth 8-6155] done synthesizing module 'FDR' (7#1) [D:/vivado/Vivado/2019.1/scripts/rt/data/unisim_comp.v:13651]
INFO: [Synth 8-6157] synthesizing module 'LUT6_2__parameterized0' [D:/vivado/Vivado/2019.1/scripts/rt/data/unisim_comp.v:39264]
	Parameter INIT bound to: 64'b0000000000010101001010011010101010101010101010101010101010101010 
INFO: [Synth 8-6155] done synthesizing module 'LUT6_2__parameterized0' (7#1) [D:/vivado/Vivado/2019.1/scripts/rt/data/unisim_comp.v:39264]
INFO: [Synth 8-6157] synthesizing module 'LUT6_2__parameterized1' [D:/vivado/Vivado/2019.1/scripts/rt/data/unisim_comp.v:39264]
	Parameter INIT bound to: 64'b0000000000101010001001010010101010101010101010101010101010101010 
INFO: [Synth 8-6155] done synthesizing module 'LUT6_2__parameterized1' (7#1) [D:/vivado/Vivado/2019.1/scripts/rt/data/unisim_comp.v:39264]
INFO: [Synth 8-6157] synthesizing module 'LUT6__parameterized2' [D:/vivado/Vivado/2019.1/scripts/rt/data/unisim_comp.v:39218]
	Parameter INIT bound to: 64'b1011111110111100100011111000110010110011101100001000001110000000 
INFO: [Synth 8-6155] done synthesizing module 'LUT6__parameterized2' (7#1) [D:/vivado/Vivado/2019.1/scripts/rt/data/unisim_comp.v:39218]
INFO: [Synth 8-6157] synthesizing module 'RAM64M' [D:/vivado/Vivado/2019.1/scripts/rt/data/unisim_comp.v:70416]
	Parameter INIT_A bound to: 64'b0000000000000000000000000000000000000000000000000000000000000000 
	Parameter INIT_B bound to: 64'b0000000000000000000000000000000000000000000000000000000000000000 
	Parameter INIT_C bound to: 64'b0000000000000000000000000000000000000000000000000000000000000000 
	Parameter INIT_D bound to: 64'b0000000000000000000000000000000000000000000000000000000000000000 
	Parameter IS_WCLK_INVERTED bound to: 1'b0 
INFO: [Synth 8-6155] done synthesizing module 'RAM64M' (8#1) [D:/vivado/Vivado/2019.1/scripts/rt/data/unisim_comp.v:70416]
INFO: [Synth 8-6157] synthesizing module 'LUT6_2__parameterized2' [D:/vivado/Vivado/2019.1/scripts/rt/data/unisim_comp.v:39264]
	Parameter INIT bound to: 64'b0110100101101001011011101000101011001100110011000000000000000000 
INFO: [Synth 8-6155] done synthesizing module 'LUT6_2__parameterized2' (8#1) [D:/vivado/Vivado/2019.1/scripts/rt/data/unisim_comp.v:39264]
INFO: [Synth 8-6157] synthesizing module 'LUT6__parameterized3' [D:/vivado/Vivado/2019.1/scripts/rt/data/unisim_comp.v:39218]
	Parameter INIT bound to: 64'b1111111100000000111100001111000011001100110011001010101010101010 
INFO: [Synth 8-6155] done synthesizing module 'LUT6__parameterized3' (8#1) [D:/vivado/Vivado/2019.1/scripts/rt/data/unisim_comp.v:39218]
INFO: [Synth 8-6157] synthesizing module 'LUT6_2__parameterized3' [D:/vivado/Vivado/2019.1/scripts/rt/data/unisim_comp.v:39264]
	Parameter INIT bound to: 64'b1111111111111111111101010101010100000000000000000000111011101110 
INFO: [Synth 8-6155] done synthesizing module 'LUT6_2__parameterized3' (8#1) [D:/vivado/Vivado/2019.1/scripts/rt/data/unisim_comp.v:39264]
INFO: [Synth 8-6157] synthesizing module 'LUT6_2__parameterized4' [D:/vivado/Vivado/2019.1/scripts/rt/data/unisim_comp.v:39264]
	Parameter INIT bound to: 64'b0000000010000011000000000000101100000000110001000000000001001100 
INFO: [Synth 8-6155] done synthesizing module 'LUT6_2__parameterized4' (8#1) [D:/vivado/Vivado/2019.1/scripts/rt/data/unisim_comp.v:39264]
INFO: [Synth 8-6157] synthesizing module 'LUT6_2__parameterized5' [D:/vivado/Vivado/2019.1/scripts/rt/data/unisim_comp.v:39264]
	Parameter INIT bound to: 64'b0000000000010000000000000000000000000000000000000000100000000000 
INFO: [Synth 8-6155] done synthesizing module 'LUT6_2__parameterized5' (8#1) [D:/vivado/Vivado/2019.1/scripts/rt/data/unisim_comp.v:39264]
INFO: [Synth 8-6157] synthesizing module 'LUT6__parameterized4' [D:/vivado/Vivado/2019.1/scripts/rt/data/unisim_comp.v:39218]
	Parameter INIT bound to: 64'b0000000000000000000000000000000000000000000000001100101010101010 
INFO: [Synth 8-6155] done synthesizing module 'LUT6__parameterized4' (8#1) [D:/vivado/Vivado/2019.1/scripts/rt/data/unisim_comp.v:39218]
INFO: [Synth 8-6157] synthesizing module 'LUT6_2__parameterized6' [D:/vivado/Vivado/2019.1/scripts/rt/data/unisim_comp.v:39264]
	Parameter INIT bound to: 64'b1100110000110011111111110000000010000000100000001000000010000000 
INFO: [Synth 8-6155] done synthesizing module 'LUT6_2__parameterized6' (8#1) [D:/vivado/Vivado/2019.1/scripts/rt/data/unisim_comp.v:39264]
INFO: [Synth 8-6157] synthesizing module 'LUT6__parameterized5' [D:/vivado/Vivado/2019.1/scripts/rt/data/unisim_comp.v:39218]
	Parameter INIT bound to: 64'b0101101000111100111111111111111100000000000000000000000000000000 
INFO: [Synth 8-6155] done synthesizing module 'LUT6__parameterized5' (8#1) [D:/vivado/Vivado/2019.1/scripts/rt/data/unisim_comp.v:39218]
INFO: [Synth 8-6157] synthesizing module 'LUT6_2__parameterized7' [D:/vivado/Vivado/2019.1/scripts/rt/data/unisim_comp.v:39264]
	Parameter INIT bound to: 64'b0111011101110111000000100111011100000000000000000000001000000000 
INFO: [Synth 8-6155] done synthesizing module 'LUT6_2__parameterized7' (8#1) [D:/vivado/Vivado/2019.1/scripts/rt/data/unisim_comp.v:39264]
INFO: [Synth 8-6157] synthesizing module 'LUT6_2__parameterized8' [D:/vivado/Vivado/2019.1/scripts/rt/data/unisim_comp.v:39264]
	Parameter INIT bound to: 64'b0000000000000000111100000000000000000000000000000010001111111111 
INFO: [Synth 8-6155] done synthesizing module 'LUT6_2__parameterized8' (8#1) [D:/vivado/Vivado/2019.1/scripts/rt/data/unisim_comp.v:39264]
INFO: [Synth 8-6157] synthesizing module 'LUT6__parameterized6' [D:/vivado/Vivado/2019.1/scripts/rt/data/unisim_comp.v:39218]
	Parameter INIT bound to: 64'b1111111111111111111111111111111100000000000001000000000000000000 
INFO: [Synth 8-6155] done synthesizing module 'LUT6__parameterized6' (8#1) [D:/vivado/Vivado/2019.1/scripts/rt/data/unisim_comp.v:39218]
INFO: [Synth 8-6157] synthesizing module 'LUT6_2__parameterized9' [D:/vivado/Vivado/2019.1/scripts/rt/data/unisim_comp.v:39264]
	Parameter INIT bound to: 64'b1111111111111111000100000000000000000000000000000010000000000000 
INFO: [Synth 8-6155] done synthesizing module 'LUT6_2__parameterized9' (8#1) [D:/vivado/Vivado/2019.1/scripts/rt/data/unisim_comp.v:39264]
INFO: [Synth 8-6157] synthesizing module 'LUT6_2__parameterized10' [D:/vivado/Vivado/2019.1/scripts/rt/data/unisim_comp.v:39264]
	Parameter INIT bound to: 64'b0000001111001010000000000000000000000100001000000000000000000000 
INFO: [Synth 8-6155] done synthesizing module 'LUT6_2__parameterized10' (8#1) [D:/vivado/Vivado/2019.1/scripts/rt/data/unisim_comp.v:39264]
INFO: [Synth 8-6157] synthesizing module 'LUT6_2__parameterized11' [D:/vivado/Vivado/2019.1/scripts/rt/data/unisim_comp.v:39264]
	Parameter INIT bound to: 64'b0111011100001000000000000000000000000000000000000000111100000000 
INFO: [Synth 8-6155] done synthesizing module 'LUT6_2__parameterized11' (8#1) [D:/vivado/Vivado/2019.1/scripts/rt/data/unisim_comp.v:39264]
INFO: [Synth 8-6157] synthesizing module 'LUT6_2__parameterized12' [D:/vivado/Vivado/2019.1/scripts/rt/data/unisim_comp.v:39264]
	Parameter INIT bound to: 64'b1101000000000000000000000000000000000010000000000000000000000000 
INFO: [Synth 8-6155] done synthesizing module 'LUT6_2__parameterized12' (8#1) [D:/vivado/Vivado/2019.1/scripts/rt/data/unisim_comp.v:39264]
INFO: [Synth 8-6157] synthesizing module 'LUT6_2__parameterized13' [D:/vivado/Vivado/2019.1/scripts/rt/data/unisim_comp.v:39264]
	Parameter INIT bound to: 64'b0000000000000001001111110011111100000000000100001111011111001110 
INFO: [Synth 8-6155] done synthesizing module 'LUT6_2__parameterized13' (8#1) [D:/vivado/Vivado/2019.1/scripts/rt/data/unisim_comp.v:39264]
INFO: [Synth 8-6157] synthesizing module 'LUT6_2__parameterized14' [D:/vivado/Vivado/2019.1/scripts/rt/data/unisim_comp.v:39264]
	Parameter INIT bound to: 64'b1100000011001100000000000000000010100000101010100000000000000000 
INFO: [Synth 8-6155] done synthesizing module 'LUT6_2__parameterized14' (8#1) [D:/vivado/Vivado/2019.1/scripts/rt/data/unisim_comp.v:39264]
INFO: [Synth 8-6157] synthesizing module 'LUT6_2__parameterized15' [D:/vivado/Vivado/2019.1/scripts/rt/data/unisim_comp.v:39264]
	Parameter INIT bound to: 64'b1000000000000000000000000000000000100000000000000000000000000000 
INFO: [Synth 8-6155] done synthesizing module 'LUT6_2__parameterized15' (8#1) [D:/vivado/Vivado/2019.1/scripts/rt/data/unisim_comp.v:39264]
INFO: [Synth 8-6157] synthesizing module 'LUT6_2__parameterized16' [D:/vivado/Vivado/2019.1/scripts/rt/data/unisim_comp.v:39264]
	Parameter INIT bound to: 64'b0100000000000000000000000000000000000001000000000000000000000000 
INFO: [Synth 8-6155] done synthesizing module 'LUT6_2__parameterized16' (8#1) [D:/vivado/Vivado/2019.1/scripts/rt/data/unisim_comp.v:39264]
INFO: [Synth 8-6157] synthesizing module 'LUT6__parameterized7' [D:/vivado/Vivado/2019.1/scripts/rt/data/unisim_comp.v:39218]
	Parameter INIT bound to: 64'b0000000010000000000000100000000000000000000000000000000000000000 
INFO: [Synth 8-6155] done synthesizing module 'LUT6__parameterized7' (8#1) [D:/vivado/Vivado/2019.1/scripts/rt/data/unisim_comp.v:39218]
INFO: [Synth 8-6157] synthesizing module 'LUT6__parameterized8' [D:/vivado/Vivado/2019.1/scripts/rt/data/unisim_comp.v:39218]
	Parameter INIT bound to: 64'b1010110010101100111111110000000011111111000000001111111100000000 
INFO: [Synth 8-6155] done synthesizing module 'LUT6__parameterized8' (8#1) [D:/vivado/Vivado/2019.1/scripts/rt/data/unisim_comp.v:39218]
INFO: [Synth 8-6157] synthesizing module 'LUT6_2__parameterized17' [D:/vivado/Vivado/2019.1/scripts/rt/data/unisim_comp.v:39264]
	Parameter INIT bound to: 64'b0000000000000000000000000000000010000111011110000000000000000000 
INFO: [Synth 8-6155] done synthesizing module 'LUT6_2__parameterized17' (8#1) [D:/vivado/Vivado/2019.1/scripts/rt/data/unisim_comp.v:39264]
INFO: [Synth 8-6157] synthesizing module 'LUT6__parameterized9' [D:/vivado/Vivado/2019.1/scripts/rt/data/unisim_comp.v:39218]
	Parameter INIT bound to: 64'b0110100110010110100101100110100110010110011010010110100110010110 
INFO: [Synth 8-6155] done synthesizing module 'LUT6__parameterized9' (8#1) [D:/vivado/Vivado/2019.1/scripts/rt/data/unisim_comp.v:39218]
INFO: [Synth 8-6157] synthesizing module 'LUT6__parameterized10' [D:/vivado/Vivado/2019.1/scripts/rt/data/unisim_comp.v:39218]
	Parameter INIT bound to: 64'b1111111111111111101010101100110011110000111100001111000011110000 
INFO: [Synth 8-6155] done synthesizing module 'LUT6__parameterized10' (8#1) [D:/vivado/Vivado/2019.1/scripts/rt/data/unisim_comp.v:39218]
INFO: [Synth 8-6157] synthesizing module 'LUT6_2__parameterized18' [D:/vivado/Vivado/2019.1/scripts/rt/data/unisim_comp.v:39264]
	Parameter INIT bound to: 64'b0011001100110011101010101100110011110000101010100000000000000000 
INFO: [Synth 8-6155] done synthesizing module 'LUT6_2__parameterized18' (8#1) [D:/vivado/Vivado/2019.1/scripts/rt/data/unisim_comp.v:39264]
INFO: [Synth 8-6157] synthesizing module 'LUT6_2__parameterized19' [D:/vivado/Vivado/2019.1/scripts/rt/data/unisim_comp.v:39264]
	Parameter INIT bound to: 64'b1010001010000000000000000000000000000000111100000000000011110000 
INFO: [Synth 8-6155] done synthesizing module 'LUT6_2__parameterized19' (8#1) [D:/vivado/Vivado/2019.1/scripts/rt/data/unisim_comp.v:39264]
INFO: [Synth 8-6157] synthesizing module 'LUT6_2__parameterized20' [D:/vivado/Vivado/2019.1/scripts/rt/data/unisim_comp.v:39264]
	Parameter INIT bound to: 64'b0000000000000000000000000000000000000000000000000000000000000001 
INFO: [Synth 8-6155] done synthesizing module 'LUT6_2__parameterized20' (8#1) [D:/vivado/Vivado/2019.1/scripts/rt/data/unisim_comp.v:39264]
INFO: [Synth 8-6157] synthesizing module 'LUT6_2__parameterized21' [D:/vivado/Vivado/2019.1/scripts/rt/data/unisim_comp.v:39264]
	Parameter INIT bound to: 64'b0000000000000000000000000000110100000000000000000000000000000000 
INFO: [Synth 8-6155] done synthesizing module 'LUT6_2__parameterized21' (8#1) [D:/vivado/Vivado/2019.1/scripts/rt/data/unisim_comp.v:39264]
INFO: [Synth 8-6157] synthesizing module 'LUT6__parameterized11' [D:/vivado/Vivado/2019.1/scripts/rt/data/unisim_comp.v:39218]
	Parameter INIT bound to: 64'b1111101111111111000000000000000000000000000000000000000000000000 
INFO: [Synth 8-6155] done synthesizing module 'LUT6__parameterized11' (8#1) [D:/vivado/Vivado/2019.1/scripts/rt/data/unisim_comp.v:39218]
INFO: [Synth 8-6157] synthesizing module 'RAM32M' [D:/vivado/Vivado/2019.1/scripts/rt/data/unisim_comp.v:70040]
	Parameter INIT_A bound to: 64'b0000000000000000000000000000000000000000000000000000000000000000 
	Parameter INIT_B bound to: 64'b0000000000000000000000000000000000000000000000000000000000000000 
	Parameter INIT_C bound to: 64'b0000000000000000000000000000000000000000000000000000000000000000 
	Parameter INIT_D bound to: 64'b0000000000000000000000000000000000000000000000000000000000000000 
	Parameter IS_WCLK_INVERTED bound to: 1'b0 
INFO: [Synth 8-6155] done synthesizing module 'RAM32M' (9#1) [D:/vivado/Vivado/2019.1/scripts/rt/data/unisim_comp.v:70040]
INFO: [Synth 8-6155] done synthesizing module 'kcpsm6' (10#1) [C:/Users/QADEER KHAN/Downloads/l4_tools/PicoBlaze6_A7_KCPSM6/l4_tools_Picoblaze6/KCPSM6/kcpsm6.v:77]
INFO: [Synth 8-6157] synthesizing module 'program' [C:/Users/QADEER KHAN/Downloads/l4_tools/Assembler/program.v:54]
INFO: [Synth 8-6157] synthesizing module 'RAMB36E1' [D:/vivado/Vivado/2019.1/scripts/rt/data/unisim_comp.v:75883]
	Parameter DOA_REG bound to: 0 - type: integer 
	Parameter DOB_REG bound to: 0 - type: integer 
	Parameter EN_ECC_READ bound to: FALSE - type: string 
	Parameter EN_ECC_WRITE bound to: FALSE - type: string 
	Parameter INITP_00 bound to: 256'b0000000000000000000000000000000000000000000000000000000000000000000000000000000000000000000000000000000000000000000000000000000000000000000000000000000000000000000000000000000000000000000000000000001010110100101000001101001000101000100010001000100010001000 
	Parameter INITP_01 bound to: 256'b0000000000000000000000000000000000000000000000000000000000000000000000000000000000000000000000000000000000000000000000000000000000000000000000000000000000000000000000000000000000000000000000000000000000000000000000000000000000000000000000000000000000000000 
	Parameter INITP_02 bound to: 256'b0000000000000000000000000000000000000000000000000000000000000000000000000000000000000000000000000000000000000000000000000000000000000000000000000000000000000000000000000000000000000000000000000000000000000000000000000000000000000000000000000000000000000000 
	Parameter INITP_03 bound to: 256'b0000000000000000000000000000000000000000000000000000000000000000000000000000000000000000000000000000000000000000000000000000000000000000000000000000000000000000000000000000000000000000000000000000000000000000000000000000000000000000000000000000000000000000 
	Parameter INITP_04 bound to: 256'b0000000000000000000000000000000000000000000000000000000000000000000000000000000000000000000000000000000000000000000000000000000000000000000000000000000000000000000000000000000000000000000000000000000000000000000000000000000000000000000000000000000000000000 
	Parameter INITP_05 bound to: 256'b0000000000000000000000000000000000000000000000000000000000000000000000000000000000000000000000000000000000000000000000000000000000000000000000000000000000000000000000000000000000000000000000000000000000000000000000000000000000000000000000000000000000000000 
	Parameter INITP_06 bound to: 256'b0000000000000000000000000000000000000000000000000000000000000000000000000000000000000000000000000000000000000000000000000000000000000000000000000000000000000000000000000000000000000000000000000000000000000000000000000000000000000000000000000000000000000000 
	Parameter INITP_07 bound to: 256'b0000000000000000000000000000000000000000000000000000000000000000000000000000000000000000000000000000000000000000000000000000000000000000000000000000000000000000000000000000000000000000000000000000000000000000000000000000000000000000000000000000000000000000 
	Parameter INITP_08 bound to: 256'b0000000000000000000000000000000000000000000000000000000000000000000000000000000000000000000000000000000000000000000000000000000000000000000000000000000000000000000000000000000000000000000000000000000000000000000000000000000000000000000000000000000000000000 
	Parameter INITP_09 bound to: 256'b0000000000000000000000000000000000000000000000000000000000000000000000000000000000000000000000000000000000000000000000000000000000000000000000000000000000000000000000000000000000000000000000000000000000000000000000000000000000000000000000000000000000000000 
	Parameter INITP_0A bound to: 256'b0000000000000000000000000000000000000000000000000000000000000000000000000000000000000000000000000000000000000000000000000000000000000000000000000000000000000000000000000000000000000000000000000000000000000000000000000000000000000000000000000000000000000000 
	Parameter INITP_0B bound to: 256'b0000000000000000000000000000000000000000000000000000000000000000000000000000000000000000000000000000000000000000000000000000000000000000000000000000000000000000000000000000000000000000000000000000000000000000000000000000000000000000000000000000000000000000 
	Parameter INITP_0C bound to: 256'b0000000000000000000000000000000000000000000000000000000000000000000000000000000000000000000000000000000000000000000000000000000000000000000000000000000000000000000000000000000000000000000000000000000000000000000000000000000000000000000000000000000000000000 
	Parameter INITP_0D bound to: 256'b0000000000000000000000000000000000000000000000000000000000000000000000000000000000000000000000000000000000000000000000000000000000000000000000000000000000000000000000000000000000000000000000000000000000000000000000000000000000000000000000000000000000000000 
	Parameter INITP_0E bound to: 256'b0000000000000000000000000000000000000000000000000000000000000000000000000000000000000000000000000000000000000000000000000000000000000000000000000000000000000000000000000000000000000000000000000000000000000000000000000000000000000000000000000000000000000000 
	Parameter INITP_0F bound to: 256'b0000000000000000000000000000000000000000000000000000000000000000000000000000000000000000000000000000000000000000000000000000000000000000000000000000000000000000000000000000000000000000000000000000000000000000000000000000000000000000000000000000000000000000 
	Parameter INIT_00 bound to: 256'b1001000000000000001000000000111100000000000110000001000000001010000000000001100000010000000011010000000000011000000100000100111100000000000110000001000001001100000000000001100000010000010011000000000000011000000100000100010100000000000110000001000001001000 
	Parameter INIT_01 bound to: 256'b0000000000000000000000000000000000000000000000000101000000000000110100000000001101100000000110001101000100000000100100010000010100100000000011110000000000011000000000000010000010010010000000100010000000001111110100010000000010010001000001001101000000000001 
	Parameter INIT_02 bound to: 256'b0000000000000000000000000000000000000000000000000000000000000000000000000000000000000000000000000000000000000000000000000000000000000000000000000000000000000000000000000000000000000000000000000000000000000000000000000000000000000000000000000000000000000000 
	Parameter INIT_03 bound to: 256'b0000000000000000000000000000000000000000000000000000000000000000000000000000000000000000000000000000000000000000000000000000000000000000000000000000000000000000000000000000000000000000000000000000000000000000000000000000000000000000000000000000000000000000 
	Parameter INIT_04 bound to: 256'b0000000000000000000000000000000000000000000000000000000000000000000000000000000000000000000000000000000000000000000000000000000000000000000000000000000000000000000000000000000000000000000000000000000000000000000000000000000000000000000000000000000000000000 
	Parameter INIT_05 bound to: 256'b0000000000000000000000000000000000000000000000000000000000000000000000000000000000000000000000000000000000000000000000000000000000000000000000000000000000000000000000000000000000000000000000000000000000000000000000000000000000000000000000000000000000000000 
	Parameter INIT_06 bound to: 256'b0000000000000000000000000000000000000000000000000000000000000000000000000000000000000000000000000000000000000000000000000000000000000000000000000000000000000000000000000000000000000000000000000000000000000000000000000000000000000000000000000000000000000000 
	Parameter INIT_07 bound to: 256'b0000000000000000000000000000000000000000000000000000000000000000000000000000000000000000000000000000000000000000000000000000000000000000000000000000000000000000000000000000000000000000000000000000000000000000000000000000000000000000000000000000000000000000 
	Parameter INIT_08 bound to: 256'b0000000000000000000000000000000000000000000000000000000000000000000000000000000000000000000000000000000000000000000000000000000000000000000000000000000000000000000000000000000000000000000000000000000000000000000000000000000000000000000000000000000000000000 
	Parameter INIT_09 bound to: 256'b0000000000000000000000000000000000000000000000000000000000000000000000000000000000000000000000000000000000000000000000000000000000000000000000000000000000000000000000000000000000000000000000000000000000000000000000000000000000000000000000000000000000000000 
	Parameter INIT_0A bound to: 256'b0000000000000000000000000000000000000000000000000000000000000000000000000000000000000000000000000000000000000000000000000000000000000000000000000000000000000000000000000000000000000000000000000000000000000000000000000000000000000000000000000000000000000000 
	Parameter INIT_0B bound to: 256'b0000000000000000000000000000000000000000000000000000000000000000000000000000000000000000000000000000000000000000000000000000000000000000000000000000000000000000000000000000000000000000000000000000000000000000000000000000000000000000000000000000000000000000 
	Parameter INIT_0C bound to: 256'b0000000000000000000000000000000000000000000000000000000000000000000000000000000000000000000000000000000000000000000000000000000000000000000000000000000000000000000000000000000000000000000000000000000000000000000000000000000000000000000000000000000000000000 
	Parameter INIT_0D bound to: 256'b0000000000000000000000000000000000000000000000000000000000000000000000000000000000000000000000000000000000000000000000000000000000000000000000000000000000000000000000000000000000000000000000000000000000000000000000000000000000000000000000000000000000000000 
	Parameter INIT_0E bound to: 256'b0000000000000000000000000000000000000000000000000000000000000000000000000000000000000000000000000000000000000000000000000000000000000000000000000000000000000000000000000000000000000000000000000000000000000000000000000000000000000000000000000000000000000000 
	Parameter INIT_0F bound to: 256'b0000000000000000000000000000000000000000000000000000000000000000000000000000000000000000000000000000000000000000000000000000000000000000000000000000000000000000000000000000000000000000000000000000000000000000000000000000000000000000000000000000000000000000 
	Parameter INIT_10 bound to: 256'b0000000000000000000000000000000000000000000000000000000000000000000000000000000000000000000000000000000000000000000000000000000000000000000000000000000000000000000000000000000000000000000000000000000000000000000000000000000000000000000000000000000000000000 
	Parameter INIT_11 bound to: 256'b0000000000000000000000000000000000000000000000000000000000000000000000000000000000000000000000000000000000000000000000000000000000000000000000000000000000000000000000000000000000000000000000000000000000000000000000000000000000000000000000000000000000000000 
	Parameter INIT_12 bound to: 256'b0000000000000000000000000000000000000000000000000000000000000000000000000000000000000000000000000000000000000000000000000000000000000000000000000000000000000000000000000000000000000000000000000000000000000000000000000000000000000000000000000000000000000000 
	Parameter INIT_13 bound to: 256'b0000000000000000000000000000000000000000000000000000000000000000000000000000000000000000000000000000000000000000000000000000000000000000000000000000000000000000000000000000000000000000000000000000000000000000000000000000000000000000000000000000000000000000 
	Parameter INIT_14 bound to: 256'b0000000000000000000000000000000000000000000000000000000000000000000000000000000000000000000000000000000000000000000000000000000000000000000000000000000000000000000000000000000000000000000000000000000000000000000000000000000000000000000000000000000000000000 
	Parameter INIT_15 bound to: 256'b0000000000000000000000000000000000000000000000000000000000000000000000000000000000000000000000000000000000000000000000000000000000000000000000000000000000000000000000000000000000000000000000000000000000000000000000000000000000000000000000000000000000000000 
	Parameter INIT_16 bound to: 256'b0000000000000000000000000000000000000000000000000000000000000000000000000000000000000000000000000000000000000000000000000000000000000000000000000000000000000000000000000000000000000000000000000000000000000000000000000000000000000000000000000000000000000000 
	Parameter INIT_17 bound to: 256'b0000000000000000000000000000000000000000000000000000000000000000000000000000000000000000000000000000000000000000000000000000000000000000000000000000000000000000000000000000000000000000000000000000000000000000000000000000000000000000000000000000000000000000 
	Parameter INIT_18 bound to: 256'b0000000000000000000000000000000000000000000000000000000000000000000000000000000000000000000000000000000000000000000000000000000000000000000000000000000000000000000000000000000000000000000000000000000000000000000000000000000000000000000000000000000000000000 
	Parameter INIT_19 bound to: 256'b0000000000000000000000000000000000000000000000000000000000000000000000000000000000000000000000000000000000000000000000000000000000000000000000000000000000000000000000000000000000000000000000000000000000000000000000000000000000000000000000000000000000000000 
	Parameter INIT_1A bound to: 256'b0000000000000000000000000000000000000000000000000000000000000000000000000000000000000000000000000000000000000000000000000000000000000000000000000000000000000000000000000000000000000000000000000000000000000000000000000000000000000000000000000000000000000000 
	Parameter INIT_1B bound to: 256'b0000000000000000000000000000000000000000000000000000000000000000000000000000000000000000000000000000000000000000000000000000000000000000000000000000000000000000000000000000000000000000000000000000000000000000000000000000000000000000000000000000000000000000 
	Parameter INIT_1C bound to: 256'b0000000000000000000000000000000000000000000000000000000000000000000000000000000000000000000000000000000000000000000000000000000000000000000000000000000000000000000000000000000000000000000000000000000000000000000000000000000000000000000000000000000000000000 
	Parameter INIT_1D bound to: 256'b0000000000000000000000000000000000000000000000000000000000000000000000000000000000000000000000000000000000000000000000000000000000000000000000000000000000000000000000000000000000000000000000000000000000000000000000000000000000000000000000000000000000000000 
	Parameter INIT_1E bound to: 256'b0000000000000000000000000000000000000000000000000000000000000000000000000000000000000000000000000000000000000000000000000000000000000000000000000000000000000000000000000000000000000000000000000000000000000000000000000000000000000000000000000000000000000000 
	Parameter INIT_1F bound to: 256'b0000000000000000000000000000000000000000000000000000000000000000000000000000000000000000000000000000000000000000000000000000000000000000000000000000000000000000000000000000000000000000000000000000000000000000000000000000000000000000000000000000000000000000 
	Parameter INIT_20 bound to: 256'b0000000000000000000000000000000000000000000000000000000000000000000000000000000000000000000000000000000000000000000000000000000000000000000000000000000000000000000000000000000000000000000000000000000000000000000000000000000000000000000000000000000000000000 
	Parameter INIT_21 bound to: 256'b0000000000000000000000000000000000000000000000000000000000000000000000000000000000000000000000000000000000000000000000000000000000000000000000000000000000000000000000000000000000000000000000000000000000000000000000000000000000000000000000000000000000000000 
	Parameter INIT_22 bound to: 256'b0000000000000000000000000000000000000000000000000000000000000000000000000000000000000000000000000000000000000000000000000000000000000000000000000000000000000000000000000000000000000000000000000000000000000000000000000000000000000000000000000000000000000000 
	Parameter INIT_23 bound to: 256'b0000000000000000000000000000000000000000000000000000000000000000000000000000000000000000000000000000000000000000000000000000000000000000000000000000000000000000000000000000000000000000000000000000000000000000000000000000000000000000000000000000000000000000 
	Parameter INIT_24 bound to: 256'b0000000000000000000000000000000000000000000000000000000000000000000000000000000000000000000000000000000000000000000000000000000000000000000000000000000000000000000000000000000000000000000000000000000000000000000000000000000000000000000000000000000000000000 
	Parameter INIT_25 bound to: 256'b0000000000000000000000000000000000000000000000000000000000000000000000000000000000000000000000000000000000000000000000000000000000000000000000000000000000000000000000000000000000000000000000000000000000000000000000000000000000000000000000000000000000000000 
	Parameter INIT_26 bound to: 256'b0000000000000000000000000000000000000000000000000000000000000000000000000000000000000000000000000000000000000000000000000000000000000000000000000000000000000000000000000000000000000000000000000000000000000000000000000000000000000000000000000000000000000000 
	Parameter INIT_27 bound to: 256'b0000000000000000000000000000000000000000000000000000000000000000000000000000000000000000000000000000000000000000000000000000000000000000000000000000000000000000000000000000000000000000000000000000000000000000000000000000000000000000000000000000000000000000 
	Parameter INIT_28 bound to: 256'b0000000000000000000000000000000000000000000000000000000000000000000000000000000000000000000000000000000000000000000000000000000000000000000000000000000000000000000000000000000000000000000000000000000000000000000000000000000000000000000000000000000000000000 
	Parameter INIT_29 bound to: 256'b0000000000000000000000000000000000000000000000000000000000000000000000000000000000000000000000000000000000000000000000000000000000000000000000000000000000000000000000000000000000000000000000000000000000000000000000000000000000000000000000000000000000000000 
	Parameter INIT_2A bound to: 256'b0000000000000000000000000000000000000000000000000000000000000000000000000000000000000000000000000000000000000000000000000000000000000000000000000000000000000000000000000000000000000000000000000000000000000000000000000000000000000000000000000000000000000000 
	Parameter INIT_2B bound to: 256'b0000000000000000000000000000000000000000000000000000000000000000000000000000000000000000000000000000000000000000000000000000000000000000000000000000000000000000000000000000000000000000000000000000000000000000000000000000000000000000000000000000000000000000 
	Parameter INIT_2C bound to: 256'b0000000000000000000000000000000000000000000000000000000000000000000000000000000000000000000000000000000000000000000000000000000000000000000000000000000000000000000000000000000000000000000000000000000000000000000000000000000000000000000000000000000000000000 
	Parameter INIT_2D bound to: 256'b0000000000000000000000000000000000000000000000000000000000000000000000000000000000000000000000000000000000000000000000000000000000000000000000000000000000000000000000000000000000000000000000000000000000000000000000000000000000000000000000000000000000000000 
	Parameter INIT_2E bound to: 256'b0000000000000000000000000000000000000000000000000000000000000000000000000000000000000000000000000000000000000000000000000000000000000000000000000000000000000000000000000000000000000000000000000000000000000000000000000000000000000000000000000000000000000000 
	Parameter INIT_2F bound to: 256'b0000000000000000000000000000000000000000000000000000000000000000000000000000000000000000000000000000000000000000000000000000000000000000000000000000000000000000000000000000000000000000000000000000000000000000000000000000000000000000000000000000000000000000 
	Parameter INIT_30 bound to: 256'b0000000000000000000000000000000000000000000000000000000000000000000000000000000000000000000000000000000000000000000000000000000000000000000000000000000000000000000000000000000000000000000000000000000000000000000000000000000000000000000000000000000000000000 
	Parameter INIT_31 bound to: 256'b0000000000000000000000000000000000000000000000000000000000000000000000000000000000000000000000000000000000000000000000000000000000000000000000000000000000000000000000000000000000000000000000000000000000000000000000000000000000000000000000000000000000000000 
	Parameter INIT_32 bound to: 256'b0000000000000000000000000000000000000000000000000000000000000000000000000000000000000000000000000000000000000000000000000000000000000000000000000000000000000000000000000000000000000000000000000000000000000000000000000000000000000000000000000000000000000000 
	Parameter INIT_33 bound to: 256'b0000000000000000000000000000000000000000000000000000000000000000000000000000000000000000000000000000000000000000000000000000000000000000000000000000000000000000000000000000000000000000000000000000000000000000000000000000000000000000000000000000000000000000 
	Parameter INIT_34 bound to: 256'b0000000000000000000000000000000000000000000000000000000000000000000000000000000000000000000000000000000000000000000000000000000000000000000000000000000000000000000000000000000000000000000000000000000000000000000000000000000000000000000000000000000000000000 
	Parameter INIT_35 bound to: 256'b0000000000000000000000000000000000000000000000000000000000000000000000000000000000000000000000000000000000000000000000000000000000000000000000000000000000000000000000000000000000000000000000000000000000000000000000000000000000000000000000000000000000000000 
	Parameter INIT_36 bound to: 256'b0000000000000000000000000000000000000000000000000000000000000000000000000000000000000000000000000000000000000000000000000000000000000000000000000000000000000000000000000000000000000000000000000000000000000000000000000000000000000000000000000000000000000000 
	Parameter INIT_37 bound to: 256'b0000000000000000000000000000000000000000000000000000000000000000000000000000000000000000000000000000000000000000000000000000000000000000000000000000000000000000000000000000000000000000000000000000000000000000000000000000000000000000000000000000000000000000 
	Parameter INIT_38 bound to: 256'b0000000000000000000000000000000000000000000000000000000000000000000000000000000000000000000000000000000000000000000000000000000000000000000000000000000000000000000000000000000000000000000000000000000000000000000000000000000000000000000000000000000000000000 
	Parameter INIT_39 bound to: 256'b0000000000000000000000000000000000000000000000000000000000000000000000000000000000000000000000000000000000000000000000000000000000000000000000000000000000000000000000000000000000000000000000000000000000000000000000000000000000000000000000000000000000000000 
	Parameter INIT_3A bound to: 256'b0000000000000000000000000000000000000000000000000000000000000000000000000000000000000000000000000000000000000000000000000000000000000000000000000000000000000000000000000000000000000000000000000000000000000000000000000000000000000000000000000000000000000000 
	Parameter INIT_3B bound to: 256'b0000000000000000000000000000000000000000000000000000000000000000000000000000000000000000000000000000000000000000000000000000000000000000000000000000000000000000000000000000000000000000000000000000000000000000000000000000000000000000000000000000000000000000 
	Parameter INIT_3C bound to: 256'b0000000000000000000000000000000000000000000000000000000000000000000000000000000000000000000000000000000000000000000000000000000000000000000000000000000000000000000000000000000000000000000000000000000000000000000000000000000000000000000000000000000000000000 
	Parameter INIT_3D bound to: 256'b0000000000000000000000000000000000000000000000000000000000000000000000000000000000000000000000000000000000000000000000000000000000000000000000000000000000000000000000000000000000000000000000000000000000000000000000000000000000000000000000000000000000000000 
	Parameter INIT_3E bound to: 256'b0000000000000000000000000000000000000000000000000000000000000000000000000000000000000000000000000000000000000000000000000000000000000000000000000000000000000000000000000000000000000000000000000000000000000000000000000000000000000000000000000000000000000000 
	Parameter INIT_3F bound to: 256'b0000000000000000000000000000000000000000000000000000000000000000000000000000000000000000000000000000000000000000000000000000000000000000000000000000000000000000000000000000000000000000000000000000000000000000000000000000000000000000000000000000000000000000 
	Parameter INIT_40 bound to: 256'b0000000000000000000000000000000000000000000000000000000000000000000000000000000000000000000000000000000000000000000000000000000000000000000000000000000000000000000000000000000000000000000000000000000000000000000000000000000000000000000000000000000000000000 
	Parameter INIT_41 bound to: 256'b0000000000000000000000000000000000000000000000000000000000000000000000000000000000000000000000000000000000000000000000000000000000000000000000000000000000000000000000000000000000000000000000000000000000000000000000000000000000000000000000000000000000000000 
	Parameter INIT_42 bound to: 256'b0000000000000000000000000000000000000000000000000000000000000000000000000000000000000000000000000000000000000000000000000000000000000000000000000000000000000000000000000000000000000000000000000000000000000000000000000000000000000000000000000000000000000000 
	Parameter INIT_43 bound to: 256'b0000000000000000000000000000000000000000000000000000000000000000000000000000000000000000000000000000000000000000000000000000000000000000000000000000000000000000000000000000000000000000000000000000000000000000000000000000000000000000000000000000000000000000 
	Parameter INIT_44 bound to: 256'b0000000000000000000000000000000000000000000000000000000000000000000000000000000000000000000000000000000000000000000000000000000000000000000000000000000000000000000000000000000000000000000000000000000000000000000000000000000000000000000000000000000000000000 
	Parameter INIT_45 bound to: 256'b0000000000000000000000000000000000000000000000000000000000000000000000000000000000000000000000000000000000000000000000000000000000000000000000000000000000000000000000000000000000000000000000000000000000000000000000000000000000000000000000000000000000000000 
	Parameter INIT_46 bound to: 256'b0000000000000000000000000000000000000000000000000000000000000000000000000000000000000000000000000000000000000000000000000000000000000000000000000000000000000000000000000000000000000000000000000000000000000000000000000000000000000000000000000000000000000000 
	Parameter INIT_47 bound to: 256'b0000000000000000000000000000000000000000000000000000000000000000000000000000000000000000000000000000000000000000000000000000000000000000000000000000000000000000000000000000000000000000000000000000000000000000000000000000000000000000000000000000000000000000 
	Parameter INIT_48 bound to: 256'b0000000000000000000000000000000000000000000000000000000000000000000000000000000000000000000000000000000000000000000000000000000000000000000000000000000000000000000000000000000000000000000000000000000000000000000000000000000000000000000000000000000000000000 
	Parameter INIT_49 bound to: 256'b0000000000000000000000000000000000000000000000000000000000000000000000000000000000000000000000000000000000000000000000000000000000000000000000000000000000000000000000000000000000000000000000000000000000000000000000000000000000000000000000000000000000000000 
	Parameter INIT_4A bound to: 256'b0000000000000000000000000000000000000000000000000000000000000000000000000000000000000000000000000000000000000000000000000000000000000000000000000000000000000000000000000000000000000000000000000000000000000000000000000000000000000000000000000000000000000000 
	Parameter INIT_4B bound to: 256'b0000000000000000000000000000000000000000000000000000000000000000000000000000000000000000000000000000000000000000000000000000000000000000000000000000000000000000000000000000000000000000000000000000000000000000000000000000000000000000000000000000000000000000 
	Parameter INIT_4C bound to: 256'b0000000000000000000000000000000000000000000000000000000000000000000000000000000000000000000000000000000000000000000000000000000000000000000000000000000000000000000000000000000000000000000000000000000000000000000000000000000000000000000000000000000000000000 
	Parameter INIT_4D bound to: 256'b0000000000000000000000000000000000000000000000000000000000000000000000000000000000000000000000000000000000000000000000000000000000000000000000000000000000000000000000000000000000000000000000000000000000000000000000000000000000000000000000000000000000000000 
	Parameter INIT_4E bound to: 256'b0000000000000000000000000000000000000000000000000000000000000000000000000000000000000000000000000000000000000000000000000000000000000000000000000000000000000000000000000000000000000000000000000000000000000000000000000000000000000000000000000000000000000000 
	Parameter INIT_4F bound to: 256'b0000000000000000000000000000000000000000000000000000000000000000000000000000000000000000000000000000000000000000000000000000000000000000000000000000000000000000000000000000000000000000000000000000000000000000000000000000000000000000000000000000000000000000 
	Parameter INIT_50 bound to: 256'b0000000000000000000000000000000000000000000000000000000000000000000000000000000000000000000000000000000000000000000000000000000000000000000000000000000000000000000000000000000000000000000000000000000000000000000000000000000000000000000000000000000000000000 
	Parameter INIT_51 bound to: 256'b0000000000000000000000000000000000000000000000000000000000000000000000000000000000000000000000000000000000000000000000000000000000000000000000000000000000000000000000000000000000000000000000000000000000000000000000000000000000000000000000000000000000000000 
	Parameter INIT_52 bound to: 256'b0000000000000000000000000000000000000000000000000000000000000000000000000000000000000000000000000000000000000000000000000000000000000000000000000000000000000000000000000000000000000000000000000000000000000000000000000000000000000000000000000000000000000000 
	Parameter INIT_53 bound to: 256'b0000000000000000000000000000000000000000000000000000000000000000000000000000000000000000000000000000000000000000000000000000000000000000000000000000000000000000000000000000000000000000000000000000000000000000000000000000000000000000000000000000000000000000 
	Parameter INIT_54 bound to: 256'b0000000000000000000000000000000000000000000000000000000000000000000000000000000000000000000000000000000000000000000000000000000000000000000000000000000000000000000000000000000000000000000000000000000000000000000000000000000000000000000000000000000000000000 
	Parameter INIT_55 bound to: 256'b0000000000000000000000000000000000000000000000000000000000000000000000000000000000000000000000000000000000000000000000000000000000000000000000000000000000000000000000000000000000000000000000000000000000000000000000000000000000000000000000000000000000000000 
	Parameter INIT_56 bound to: 256'b0000000000000000000000000000000000000000000000000000000000000000000000000000000000000000000000000000000000000000000000000000000000000000000000000000000000000000000000000000000000000000000000000000000000000000000000000000000000000000000000000000000000000000 
	Parameter INIT_57 bound to: 256'b0000000000000000000000000000000000000000000000000000000000000000000000000000000000000000000000000000000000000000000000000000000000000000000000000000000000000000000000000000000000000000000000000000000000000000000000000000000000000000000000000000000000000000 
	Parameter INIT_58 bound to: 256'b0000000000000000000000000000000000000000000000000000000000000000000000000000000000000000000000000000000000000000000000000000000000000000000000000000000000000000000000000000000000000000000000000000000000000000000000000000000000000000000000000000000000000000 
	Parameter INIT_59 bound to: 256'b0000000000000000000000000000000000000000000000000000000000000000000000000000000000000000000000000000000000000000000000000000000000000000000000000000000000000000000000000000000000000000000000000000000000000000000000000000000000000000000000000000000000000000 
	Parameter INIT_5A bound to: 256'b0000000000000000000000000000000000000000000000000000000000000000000000000000000000000000000000000000000000000000000000000000000000000000000000000000000000000000000000000000000000000000000000000000000000000000000000000000000000000000000000000000000000000000 
	Parameter INIT_5B bound to: 256'b0000000000000000000000000000000000000000000000000000000000000000000000000000000000000000000000000000000000000000000000000000000000000000000000000000000000000000000000000000000000000000000000000000000000000000000000000000000000000000000000000000000000000000 
	Parameter INIT_5C bound to: 256'b0000000000000000000000000000000000000000000000000000000000000000000000000000000000000000000000000000000000000000000000000000000000000000000000000000000000000000000000000000000000000000000000000000000000000000000000000000000000000000000000000000000000000000 
	Parameter INIT_5D bound to: 256'b0000000000000000000000000000000000000000000000000000000000000000000000000000000000000000000000000000000000000000000000000000000000000000000000000000000000000000000000000000000000000000000000000000000000000000000000000000000000000000000000000000000000000000 
	Parameter INIT_5E bound to: 256'b0000000000000000000000000000000000000000000000000000000000000000000000000000000000000000000000000000000000000000000000000000000000000000000000000000000000000000000000000000000000000000000000000000000000000000000000000000000000000000000000000000000000000000 
	Parameter INIT_5F bound to: 256'b0000000000000000000000000000000000000000000000000000000000000000000000000000000000000000000000000000000000000000000000000000000000000000000000000000000000000000000000000000000000000000000000000000000000000000000000000000000000000000000000000000000000000000 
	Parameter INIT_60 bound to: 256'b0000000000000000000000000000000000000000000000000000000000000000000000000000000000000000000000000000000000000000000000000000000000000000000000000000000000000000000000000000000000000000000000000000000000000000000000000000000000000000000000000000000000000000 
	Parameter INIT_61 bound to: 256'b0000000000000000000000000000000000000000000000000000000000000000000000000000000000000000000000000000000000000000000000000000000000000000000000000000000000000000000000000000000000000000000000000000000000000000000000000000000000000000000000000000000000000000 
	Parameter INIT_62 bound to: 256'b0000000000000000000000000000000000000000000000000000000000000000000000000000000000000000000000000000000000000000000000000000000000000000000000000000000000000000000000000000000000000000000000000000000000000000000000000000000000000000000000000000000000000000 
	Parameter INIT_63 bound to: 256'b0000000000000000000000000000000000000000000000000000000000000000000000000000000000000000000000000000000000000000000000000000000000000000000000000000000000000000000000000000000000000000000000000000000000000000000000000000000000000000000000000000000000000000 
	Parameter INIT_64 bound to: 256'b0000000000000000000000000000000000000000000000000000000000000000000000000000000000000000000000000000000000000000000000000000000000000000000000000000000000000000000000000000000000000000000000000000000000000000000000000000000000000000000000000000000000000000 
	Parameter INIT_65 bound to: 256'b0000000000000000000000000000000000000000000000000000000000000000000000000000000000000000000000000000000000000000000000000000000000000000000000000000000000000000000000000000000000000000000000000000000000000000000000000000000000000000000000000000000000000000 
	Parameter INIT_66 bound to: 256'b0000000000000000000000000000000000000000000000000000000000000000000000000000000000000000000000000000000000000000000000000000000000000000000000000000000000000000000000000000000000000000000000000000000000000000000000000000000000000000000000000000000000000000 
	Parameter INIT_67 bound to: 256'b0000000000000000000000000000000000000000000000000000000000000000000000000000000000000000000000000000000000000000000000000000000000000000000000000000000000000000000000000000000000000000000000000000000000000000000000000000000000000000000000000000000000000000 
	Parameter INIT_68 bound to: 256'b0000000000000000000000000000000000000000000000000000000000000000000000000000000000000000000000000000000000000000000000000000000000000000000000000000000000000000000000000000000000000000000000000000000000000000000000000000000000000000000000000000000000000000 
	Parameter INIT_69 bound to: 256'b0000000000000000000000000000000000000000000000000000000000000000000000000000000000000000000000000000000000000000000000000000000000000000000000000000000000000000000000000000000000000000000000000000000000000000000000000000000000000000000000000000000000000000 
	Parameter INIT_6A bound to: 256'b0000000000000000000000000000000000000000000000000000000000000000000000000000000000000000000000000000000000000000000000000000000000000000000000000000000000000000000000000000000000000000000000000000000000000000000000000000000000000000000000000000000000000000 
	Parameter INIT_6B bound to: 256'b0000000000000000000000000000000000000000000000000000000000000000000000000000000000000000000000000000000000000000000000000000000000000000000000000000000000000000000000000000000000000000000000000000000000000000000000000000000000000000000000000000000000000000 
	Parameter INIT_6C bound to: 256'b0000000000000000000000000000000000000000000000000000000000000000000000000000000000000000000000000000000000000000000000000000000000000000000000000000000000000000000000000000000000000000000000000000000000000000000000000000000000000000000000000000000000000000 
	Parameter INIT_6D bound to: 256'b0000000000000000000000000000000000000000000000000000000000000000000000000000000000000000000000000000000000000000000000000000000000000000000000000000000000000000000000000000000000000000000000000000000000000000000000000000000000000000000000000000000000000000 
	Parameter INIT_6E bound to: 256'b0000000000000000000000000000000000000000000000000000000000000000000000000000000000000000000000000000000000000000000000000000000000000000000000000000000000000000000000000000000000000000000000000000000000000000000000000000000000000000000000000000000000000000 
	Parameter INIT_6F bound to: 256'b0000000000000000000000000000000000000000000000000000000000000000000000000000000000000000000000000000000000000000000000000000000000000000000000000000000000000000000000000000000000000000000000000000000000000000000000000000000000000000000000000000000000000000 
	Parameter INIT_70 bound to: 256'b0000000000000000000000000000000000000000000000000000000000000000000000000000000000000000000000000000000000000000000000000000000000000000000000000000000000000000000000000000000000000000000000000000000000000000000000000000000000000000000000000000000000000000 
	Parameter INIT_71 bound to: 256'b0000000000000000000000000000000000000000000000000000000000000000000000000000000000000000000000000000000000000000000000000000000000000000000000000000000000000000000000000000000000000000000000000000000000000000000000000000000000000000000000000000000000000000 
	Parameter INIT_72 bound to: 256'b0000000000000000000000000000000000000000000000000000000000000000000000000000000000000000000000000000000000000000000000000000000000000000000000000000000000000000000000000000000000000000000000000000000000000000000000000000000000000000000000000000000000000000 
	Parameter INIT_73 bound to: 256'b0000000000000000000000000000000000000000000000000000000000000000000000000000000000000000000000000000000000000000000000000000000000000000000000000000000000000000000000000000000000000000000000000000000000000000000000000000000000000000000000000000000000000000 
	Parameter INIT_74 bound to: 256'b0000000000000000000000000000000000000000000000000000000000000000000000000000000000000000000000000000000000000000000000000000000000000000000000000000000000000000000000000000000000000000000000000000000000000000000000000000000000000000000000000000000000000000 
	Parameter INIT_75 bound to: 256'b0000000000000000000000000000000000000000000000000000000000000000000000000000000000000000000000000000000000000000000000000000000000000000000000000000000000000000000000000000000000000000000000000000000000000000000000000000000000000000000000000000000000000000 
	Parameter INIT_76 bound to: 256'b0000000000000000000000000000000000000000000000000000000000000000000000000000000000000000000000000000000000000000000000000000000000000000000000000000000000000000000000000000000000000000000000000000000000000000000000000000000000000000000000000000000000000000 
	Parameter INIT_77 bound to: 256'b0000000000000000000000000000000000000000000000000000000000000000000000000000000000000000000000000000000000000000000000000000000000000000000000000000000000000000000000000000000000000000000000000000000000000000000000000000000000000000000000000000000000000000 
	Parameter INIT_78 bound to: 256'b0000000000000000000000000000000000000000000000000000000000000000000000000000000000000000000000000000000000000000000000000000000000000000000000000000000000000000000000000000000000000000000000000000000000000000000000000000000000000000000000000000000000000000 
	Parameter INIT_79 bound to: 256'b0000000000000000000000000000000000000000000000000000000000000000000000000000000000000000000000000000000000000000000000000000000000000000000000000000000000000000000000000000000000000000000000000000000000000000000000000000000000000000000000000000000000000000 
	Parameter INIT_7A bound to: 256'b0000000000000000000000000000000000000000000000000000000000000000000000000000000000000000000000000000000000000000000000000000000000000000000000000000000000000000000000000000000000000000000000000000000000000000000000000000000000000000000000000000000000000000 
	Parameter INIT_7B bound to: 256'b0000000000000000000000000000000000000000000000000000000000000000000000000000000000000000000000000000000000000000000000000000000000000000000000000000000000000000000000000000000000000000000000000000000000000000000000000000000000000000000000000000000000000000 
	Parameter INIT_7C bound to: 256'b0000000000000000000000000000000000000000000000000000000000000000000000000000000000000000000000000000000000000000000000000000000000000000000000000000000000000000000000000000000000000000000000000000000000000000000000000000000000000000000000000000000000000000 
	Parameter INIT_7D bound to: 256'b0000000000000000000000000000000000000000000000000000000000000000000000000000000000000000000000000000000000000000000000000000000000000000000000000000000000000000000000000000000000000000000000000000000000000000000000000000000000000000000000000000000000000000 
	Parameter INIT_7E bound to: 256'b0000000000000000000000000000000000000000000000000000000000000000000000000000000000000000000000000000000000000000000000000000000000000000000000000000000000000000000000000000000000000000000000000000000000000000000000000000000000000000000000000000000000000000 
	Parameter INIT_7F bound to: 256'b0000000000000000000000000000000000000000000000000000000000000000000000000000000000000000000000000000000000000000000000000000000000000000000000000000000000000000000000000000000000000000000000000000000000000000000000000000000000000000000000000000000000000000 
	Parameter INIT_A bound to: 36'b000000000000000000000000000000000000 
	Parameter INIT_B bound to: 36'b000000000000000000000000000000000000 
	Parameter INIT_FILE bound to: NONE - type: string 
	Parameter IS_CLKARDCLK_INVERTED bound to: 1'b0 
	Parameter IS_CLKBWRCLK_INVERTED bound to: 1'b0 
	Parameter IS_ENARDEN_INVERTED bound to: 1'b0 
	Parameter IS_ENBWREN_INVERTED bound to: 1'b0 
	Parameter IS_RSTRAMARSTRAM_INVERTED bound to: 1'b0 
	Parameter IS_RSTRAMB_INVERTED bound to: 1'b0 
	Parameter IS_RSTREGARSTREG_INVERTED bound to: 1'b0 
	Parameter IS_RSTREGB_INVERTED bound to: 1'b0 
	Parameter RAM_EXTENSION_A bound to: NONE - type: string 
	Parameter RAM_EXTENSION_B bound to: NONE - type: string 
	Parameter RAM_MODE bound to: TDP - type: string 
	Parameter RDADDR_COLLISION_HWCONFIG bound to: DELAYED_WRITE - type: string 
	Parameter READ_WIDTH_A bound to: 18 - type: integer 
	Parameter READ_WIDTH_B bound to: 18 - type: integer 
	Parameter RSTREG_PRIORITY_A bound to: REGCE - type: string 
	Parameter RSTREG_PRIORITY_B bound to: REGCE - type: string 
	Parameter SIM_COLLISION_CHECK bound to: ALL - type: string 
	Parameter SIM_DEVICE bound to: 7SERIES - type: string 
	Parameter SRVAL_A bound to: 36'b000000000000000000000000000000000000 
	Parameter SRVAL_B bound to: 36'b000000000000000000000000000000000000 
	Parameter WRITE_MODE_A bound to: WRITE_FIRST - type: string 
	Parameter WRITE_MODE_B bound to: WRITE_FIRST - type: string 
	Parameter WRITE_WIDTH_A bound to: 18 - type: integer 
	Parameter WRITE_WIDTH_B bound to: 18 - type: integer 
INFO: [Synth 8-6155] done synthesizing module 'RAMB36E1' (11#1) [D:/vivado/Vivado/2019.1/scripts/rt/data/unisim_comp.v:75883]
INFO: [Synth 8-6155] done synthesizing module 'program' (12#1) [C:/Users/QADEER KHAN/Downloads/l4_tools/Assembler/program.v:54]
INFO: [Synth 8-6157] synthesizing module 'uart_tx' [C:/Users/QADEER KHAN/Downloads/l4_tools/Verilog/uart_tx.v:57]
INFO: [Synth 8-6157] synthesizing module 'kcuart_tx' [C:/Users/QADEER KHAN/Downloads/l4_tools/Verilog/kcuart_tx.v:59]
INFO: [Synth 8-6157] synthesizing module 'LUT4' [D:/vivado/Vivado/2019.1/scripts/rt/data/unisim_comp.v:39122]
	Parameter INIT bound to: 16'b0000000000000000 
INFO: [Synth 8-6155] done synthesizing module 'LUT4' (13#1) [D:/vivado/Vivado/2019.1/scripts/rt/data/unisim_comp.v:39122]
INFO: [Synth 8-6157] synthesizing module 'MUXF5' [D:/vivado/Vivado/2019.1/scripts/rt/data/unisim_comp.v:42783]
INFO: [Synth 8-6155] done synthesizing module 'MUXF5' (14#1) [D:/vivado/Vivado/2019.1/scripts/rt/data/unisim_comp.v:42783]
INFO: [Synth 8-6157] synthesizing module 'MUXF6' [D:/vivado/Vivado/2019.1/scripts/rt/data/unisim_comp.v:42820]
INFO: [Synth 8-6155] done synthesizing module 'MUXF6' (15#1) [D:/vivado/Vivado/2019.1/scripts/rt/data/unisim_comp.v:42820]
INFO: [Synth 8-6157] synthesizing module 'FDRS' [D:/vivado/Vivado/2019.1/scripts/rt/data/unisim_comp.v:13698]
	Parameter INIT bound to: 1'b0 
	Parameter IS_C_INVERTED bound to: 1'b0 
	Parameter IS_D_INVERTED bound to: 1'b0 
	Parameter IS_R_INVERTED bound to: 1'b0 
	Parameter IS_S_INVERTED bound to: 1'b0 
INFO: [Synth 8-6155] done synthesizing module 'FDRS' (16#1) [D:/vivado/Vivado/2019.1/scripts/rt/data/unisim_comp.v:13698]
INFO: [Synth 8-6157] synthesizing module 'LUT2' [D:/vivado/Vivado/2019.1/scripts/rt/data/unisim_comp.v:39042]
	Parameter INIT bound to: 4'b0000 
INFO: [Synth 8-6155] done synthesizing module 'LUT2' (17#1) [D:/vivado/Vivado/2019.1/scripts/rt/data/unisim_comp.v:39042]
INFO: [Synth 8-6157] synthesizing module 'MULT_AND' [D:/vivado/Vivado/2019.1/scripts/rt/data/unisim_comp.v:42735]
INFO: [Synth 8-6155] done synthesizing module 'MULT_AND' (18#1) [D:/vivado/Vivado/2019.1/scripts/rt/data/unisim_comp.v:42735]
INFO: [Synth 8-6157] synthesizing module 'LUT3' [D:/vivado/Vivado/2019.1/scripts/rt/data/unisim_comp.v:39080]
	Parameter INIT bound to: 8'b00000000 
INFO: [Synth 8-6155] done synthesizing module 'LUT3' (19#1) [D:/vivado/Vivado/2019.1/scripts/rt/data/unisim_comp.v:39080]
INFO: [Synth 8-6157] synthesizing module 'FDE' [D:/vivado/Vivado/2019.1/scripts/rt/data/unisim_comp.v:13565]
	Parameter INIT bound to: 1'b0 
INFO: [Synth 8-6155] done synthesizing module 'FDE' (20#1) [D:/vivado/Vivado/2019.1/scripts/rt/data/unisim_comp.v:13565]
INFO: [Synth 8-6157] synthesizing module 'SRL16E' [D:/vivado/Vivado/2019.1/scripts/rt/data/unisim_comp.v:77700]
	Parameter INIT bound to: 16'b0000000000000000 
	Parameter IS_CLK_INVERTED bound to: 1'b0 
INFO: [Synth 8-6155] done synthesizing module 'SRL16E' (21#1) [D:/vivado/Vivado/2019.1/scripts/rt/data/unisim_comp.v:77700]
WARNING: [Synth 8-2887] Directive 'init' on 'mux1_lut' is unsupported and ignored
WARNING: [Synth 8-2887] Directive 'init' on 'mux2_lut' is unsupported and ignored
WARNING: [Synth 8-2887] Directive 'init' on 'mux3_lut' is unsupported and ignored
WARNING: [Synth 8-2887] Directive 'init' on 'mux4_lut' is unsupported and ignored
WARNING: [Synth 8-2887] Directive 'init' on 'count_lut_0' is unsupported and ignored
WARNING: [Synth 8-2887] Directive 'init' on 'count_lut_1' is unsupported and ignored
WARNING: [Synth 8-2887] Directive 'init' on 'count_lut_2' is unsupported and ignored
WARNING: [Synth 8-2887] Directive 'init' on 'ready_lut' is unsupported and ignored
WARNING: [Synth 8-2887] Directive 'init' on 'start_lut' is unsupported and ignored
WARNING: [Synth 8-2887] Directive 'init' on 'run_lut' is unsupported and ignored
WARNING: [Synth 8-2887] Directive 'init' on 'hot_state_lut' is unsupported and ignored
WARNING: [Synth 8-2887] Directive 'init' on 'stop_lut' is unsupported and ignored
WARNING: [Synth 8-2887] Directive 'init' on 'complete_lut' is unsupported and ignored
INFO: [Synth 8-6155] done synthesizing module 'kcuart_tx' (22#1) [C:/Users/QADEER KHAN/Downloads/l4_tools/Verilog/kcuart_tx.v:59]
INFO: [Synth 8-6157] synthesizing module 'bbfifo_16x8' [C:/Users/QADEER KHAN/Downloads/l4_tools/Verilog/bbfifo_16x8.v:60]
WARNING: [Synth 8-2887] Directive 'init' on 'count_lut_0' is unsupported and ignored
WARNING: [Synth 8-2887] Directive 'init' on 'count_lut_1' is unsupported and ignored
WARNING: [Synth 8-2887] Directive 'init' on 'count_lut_2' is unsupported and ignored
WARNING: [Synth 8-2887] Directive 'init' on 'count_lut_3' is unsupported and ignored
WARNING: [Synth 8-2887] Directive 'init' on 'zero_lut' is unsupported and ignored
WARNING: [Synth 8-2887] Directive 'init' on 'full_lut' is unsupported and ignored
WARNING: [Synth 8-2887] Directive 'init' on 'dp_lut' is unsupported and ignored
WARNING: [Synth 8-2887] Directive 'init' on 'valid_lut' is unsupported and ignored
INFO: [Synth 8-6155] done synthesizing module 'bbfifo_16x8' (23#1) [C:/Users/QADEER KHAN/Downloads/l4_tools/Verilog/bbfifo_16x8.v:60]
INFO: [Synth 8-6155] done synthesizing module 'uart_tx' (24#1) [C:/Users/QADEER KHAN/Downloads/l4_tools/Verilog/uart_tx.v:57]
INFO: [Synth 8-6157] synthesizing module 'uart_rx' [C:/Users/QADEER KHAN/Downloads/l4_tools/Verilog/uart_rx.v:57]
INFO: [Synth 8-6157] synthesizing module 'kcuart_rx' [C:/Users/QADEER KHAN/Downloads/l4_tools/Verilog/kcuart_rx.v:58]
WARNING: [Synth 8-2887] Directive 'init' on 'valid_lut' is unsupported and ignored
WARNING: [Synth 8-2887] Directive 'init' on 'purge_lut' is unsupported and ignored
WARNING: [Synth 8-2887] Directive 'init' on 'strobe_lut' is unsupported and ignored
INFO: [Synth 8-6155] done synthesizing module 'kcuart_rx' (25#1) [C:/Users/QADEER KHAN/Downloads/l4_tools/Verilog/kcuart_rx.v:58]
INFO: [Synth 8-6155] done synthesizing module 'uart_rx' (26#1) [C:/Users/QADEER KHAN/Downloads/l4_tools/Verilog/uart_rx.v:57]
INFO: [Synth 8-6155] done synthesizing module 'loopback' (27#1) [C:/Users/QADEER KHAN/Downloads/l4_tools/loopback.v:15]
---------------------------------------------------------------------------------
Finished RTL Elaboration : Time (s): cpu = 00:00:06 ; elapsed = 00:00:07 . Memory (MB): peak = 847.539 ; gain = 243.828
---------------------------------------------------------------------------------

Report Check Netlist: 
+------+------------------+-------+---------+-------+------------------+
|      |Item              |Errors |Warnings |Status |Description       |
+------+------------------+-------+---------+-------+------------------+
|1     |multi_driven_nets |      0|        0|Passed |Multi driven nets |
+------+------------------+-------+---------+-------+------------------+
---------------------------------------------------------------------------------
Start Handling Custom Attributes
---------------------------------------------------------------------------------
---------------------------------------------------------------------------------
Finished Handling Custom Attributes : Time (s): cpu = 00:00:06 ; elapsed = 00:00:08 . Memory (MB): peak = 847.539 ; gain = 243.828
---------------------------------------------------------------------------------
---------------------------------------------------------------------------------
Finished RTL Optimization Phase 1 : Time (s): cpu = 00:00:06 ; elapsed = 00:00:08 . Memory (MB): peak = 847.539 ; gain = 243.828
---------------------------------------------------------------------------------
INFO: [Netlist 29-17] Analyzing 240 Unisim elements for replacement
INFO: [Netlist 29-28] Unisim Transformation completed in 0 CPU seconds
INFO: [Project 1-570] Preparing netlist for logic optimization

Processing XDC Constraints
Initializing timing engine
Parsing XDC File [C:/Users/QADEER KHAN/Documents/lab41/lab41.srcs/constrs_1/new/constraints.xdc]
Finished Parsing XDC File [C:/Users/QADEER KHAN/Documents/lab41/lab41.srcs/constrs_1/new/constraints.xdc]
INFO: [Project 1-236] Implementation specific constraints were found while reading constraint file [C:/Users/QADEER KHAN/Documents/lab41/lab41.srcs/constrs_1/new/constraints.xdc]. These constraints will be ignored for synthesis but will be used in implementation. Impacted constraints are listed in the file [.Xil/loopback_propImpl.xdc].
Resolution: To avoid this warning, move constraints listed in [.Xil/loopback_propImpl.xdc] to another XDC file and exclude this new file from synthesis with the used_in_synthesis property (File Properties dialog in GUI) and re-run elaboration/synthesis.
Completed Processing XDC Constraints

Netlist sorting complete. Time (s): cpu = 00:00:00 ; elapsed = 00:00:00.001 . Memory (MB): peak = 926.367 ; gain = 0.000
INFO: [Project 1-111] Unisim Transformation Summary:
  A total of 163 instances were transformed.
  FD => FDRE: 52 instances
  FDE => FDRE: 26 instances
  FDR => FDRE: 22 instances
  FDRS => FDRS (FDRE, LUT2, VCC): 1 instances
  LUT6_2 => LUT6_2 (LUT5, LUT6): 50 instances
  MULT_AND => LUT2: 3 instances
  MUXF5 => LUT3: 2 instances
  MUXF6 => LUT3: 1 instances
  RAM32M => RAM32M (RAMD32, RAMD32, RAMD32, RAMD32, RAMD32, RAMD32, RAMS32, RAMS32): 4 instances
  RAM64M => RAM64M (RAMD64E, RAMD64E, RAMD64E, RAMD64E): 2 instances

Constraint Validation Runtime : Time (s): cpu = 00:00:00 ; elapsed = 00:00:00.020 . Memory (MB): peak = 926.367 ; gain = 0.000
---------------------------------------------------------------------------------
Finished Constraint Validation : Time (s): cpu = 00:00:12 ; elapsed = 00:00:14 . Memory (MB): peak = 926.367 ; gain = 322.656
---------------------------------------------------------------------------------
---------------------------------------------------------------------------------
Start Loading Part and Timing Information
---------------------------------------------------------------------------------
Loading part: xa7a12tcpg238-2I
---------------------------------------------------------------------------------
Finished Loading Part and Timing Information : Time (s): cpu = 00:00:12 ; elapsed = 00:00:14 . Memory (MB): peak = 926.367 ; gain = 322.656
---------------------------------------------------------------------------------
---------------------------------------------------------------------------------
Start Applying 'set_property' XDC Constraints
---------------------------------------------------------------------------------
---------------------------------------------------------------------------------
Finished applying 'set_property' XDC Constraints : Time (s): cpu = 00:00:12 ; elapsed = 00:00:15 . Memory (MB): peak = 926.367 ; gain = 322.656
---------------------------------------------------------------------------------
WARNING: [Synth 8-2887] Directive 'init' on 'mux1_lut' is unsupported and ignored
WARNING: [Synth 8-2887] Directive 'init' on 'mux2_lut' is unsupported and ignored
WARNING: [Synth 8-2887] Directive 'init' on 'mux3_lut' is unsupported and ignored
WARNING: [Synth 8-2887] Directive 'init' on 'mux4_lut' is unsupported and ignored
WARNING: [Synth 8-2887] Directive 'init' on 'count_lut_0' is unsupported and ignored
WARNING: [Synth 8-2887] Directive 'init' on 'count_lut_1' is unsupported and ignored
WARNING: [Synth 8-2887] Directive 'init' on 'count_lut_2' is unsupported and ignored
WARNING: [Synth 8-2887] Directive 'init' on 'ready_lut' is unsupported and ignored
WARNING: [Synth 8-2887] Directive 'init' on 'start_lut' is unsupported and ignored
WARNING: [Synth 8-2887] Directive 'init' on 'run_lut' is unsupported and ignored
WARNING: [Synth 8-2887] Directive 'init' on 'hot_state_lut' is unsupported and ignored
WARNING: [Synth 8-2887] Directive 'init' on 'stop_lut' is unsupported and ignored
WARNING: [Synth 8-2887] Directive 'init' on 'complete_lut' is unsupported and ignored
WARNING: [Synth 8-2887] Directive 'init' on 'count_lut_0' is unsupported and ignored
WARNING: [Synth 8-2887] Directive 'init' on 'count_lut_1' is unsupported and ignored
WARNING: [Synth 8-2887] Directive 'init' on 'count_lut_2' is unsupported and ignored
WARNING: [Synth 8-2887] Directive 'init' on 'count_lut_3' is unsupported and ignored
WARNING: [Synth 8-2887] Directive 'init' on 'zero_lut' is unsupported and ignored
WARNING: [Synth 8-2887] Directive 'init' on 'full_lut' is unsupported and ignored
WARNING: [Synth 8-2887] Directive 'init' on 'dp_lut' is unsupported and ignored
WARNING: [Synth 8-2887] Directive 'init' on 'valid_lut' is unsupported and ignored
WARNING: [Synth 8-2887] Directive 'init' on 'valid_lut' is unsupported and ignored
WARNING: [Synth 8-2887] Directive 'init' on 'purge_lut' is unsupported and ignored
WARNING: [Synth 8-2887] Directive 'init' on 'strobe_lut' is unsupported and ignored
---------------------------------------------------------------------------------
Finished RTL Optimization Phase 2 : Time (s): cpu = 00:00:12 ; elapsed = 00:00:15 . Memory (MB): peak = 926.367 ; gain = 322.656
---------------------------------------------------------------------------------

Report RTL Partitions: 
+-+--------------+------------+----------+
| |RTL Partition |Replication |Instances |
+-+--------------+------------+----------+
+-+--------------+------------+----------+
---------------------------------------------------------------------------------
Start RTL Component Statistics 
---------------------------------------------------------------------------------
Detailed RTL Component Info : 
+---Adders : 
	   2 Input     10 Bit       Adders := 1     
+---Registers : 
	               10 Bit    Registers := 1     
	                8 Bit    Registers := 2     
	                1 Bit    Registers := 2     
+---Muxes : 
	   2 Input      8 Bit        Muxes := 1     
---------------------------------------------------------------------------------
Finished RTL Component Statistics 
---------------------------------------------------------------------------------
---------------------------------------------------------------------------------
Start RTL Hierarchical Component Statistics 
---------------------------------------------------------------------------------
Hierarchical RTL Component report 
Module loopback 
Detailed RTL Component Info : 
+---Adders : 
	   2 Input     10 Bit       Adders := 1     
+---Registers : 
	               10 Bit    Registers := 1     
	                8 Bit    Registers := 2     
	                1 Bit    Registers := 2     
+---Muxes : 
	   2 Input      8 Bit        Muxes := 1     
---------------------------------------------------------------------------------
Finished RTL Hierarchical Component Statistics
---------------------------------------------------------------------------------
---------------------------------------------------------------------------------
Start Part Resource Summary
---------------------------------------------------------------------------------
Part Resources:
DSPs: 40 (col length:40)
BRAMs: 40 (col length: RAMB18 40 RAMB36 20)
---------------------------------------------------------------------------------
Finished Part Resource Summary
---------------------------------------------------------------------------------
---------------------------------------------------------------------------------
Start Cross Boundary and Area Optimization
---------------------------------------------------------------------------------
Warning: Parallel synthesis criteria is not met 
INFO: [Synth 8-3333] propagating constant 0 across sequential element (\kcpsm6_inst/sync_sleep_flop )
INFO: [Synth 8-3333] propagating constant 0 across sequential element (\kcpsm6_inst/sync_interrupt_flop )
WARNING: [Synth 8-3332] Sequential element (kcpsm6_inst/sync_sleep_flop) is unused and will be removed from module loopback.
WARNING: [Synth 8-3332] Sequential element (kcpsm6_inst/sync_interrupt_flop) is unused and will be removed from module loopback.
WARNING: [Synth 8-3332] Sequential element (kcpsm6_inst/interrupt_ack_flop) is unused and will be removed from module loopback.
WARNING: [Synth 8-3332] Sequential element (kcpsm6_inst/k_write_strobe_flop) is unused and will be removed from module loopback.
---------------------------------------------------------------------------------
Finished Cross Boundary and Area Optimization : Time (s): cpu = 00:00:14 ; elapsed = 00:00:16 . Memory (MB): peak = 926.367 ; gain = 322.656
---------------------------------------------------------------------------------

Report RTL Partitions: 
+-+--------------+------------+----------+
| |RTL Partition |Replication |Instances |
+-+--------------+------------+----------+
+-+--------------+------------+----------+
---------------------------------------------------------------------------------
Start Applying XDC Timing Constraints
---------------------------------------------------------------------------------
---------------------------------------------------------------------------------
Finished Applying XDC Timing Constraints : Time (s): cpu = 00:00:21 ; elapsed = 00:00:24 . Memory (MB): peak = 938.949 ; gain = 335.238
---------------------------------------------------------------------------------
---------------------------------------------------------------------------------
Start Timing Optimization
---------------------------------------------------------------------------------
---------------------------------------------------------------------------------
Finished Timing Optimization : Time (s): cpu = 00:00:21 ; elapsed = 00:00:24 . Memory (MB): peak = 939.098 ; gain = 335.387
---------------------------------------------------------------------------------

Report RTL Partitions: 
+-+--------------+------------+----------+
| |RTL Partition |Replication |Instances |
+-+--------------+------------+----------+
+-+--------------+------------+----------+
---------------------------------------------------------------------------------
Start Technology Mapping
---------------------------------------------------------------------------------
---------------------------------------------------------------------------------
Finished Technology Mapping : Time (s): cpu = 00:00:21 ; elapsed = 00:00:24 . Memory (MB): peak = 949.867 ; gain = 346.156
---------------------------------------------------------------------------------

Report RTL Partitions: 
+-+--------------+------------+----------+
| |RTL Partition |Replication |Instances |
+-+--------------+------------+----------+
+-+--------------+------------+----------+
---------------------------------------------------------------------------------
Start IO Insertion
---------------------------------------------------------------------------------
---------------------------------------------------------------------------------
Start Flattening Before IO Insertion
---------------------------------------------------------------------------------
---------------------------------------------------------------------------------
Finished Flattening Before IO Insertion
---------------------------------------------------------------------------------
---------------------------------------------------------------------------------
Start Final Netlist Cleanup
---------------------------------------------------------------------------------
---------------------------------------------------------------------------------
Finished Final Netlist Cleanup
---------------------------------------------------------------------------------
---------------------------------------------------------------------------------
Finished IO Insertion : Time (s): cpu = 00:00:23 ; elapsed = 00:00:26 . Memory (MB): peak = 965.652 ; gain = 361.941
---------------------------------------------------------------------------------

Report Check Netlist: 
+------+------------------+-------+---------+-------+------------------+
|      |Item              |Errors |Warnings |Status |Description       |
+------+------------------+-------+---------+-------+------------------+
|1     |multi_driven_nets |      0|        0|Passed |Multi driven nets |
+------+------------------+-------+---------+-------+------------------+
---------------------------------------------------------------------------------
Start Renaming Generated Instances
---------------------------------------------------------------------------------
---------------------------------------------------------------------------------
Finished Renaming Generated Instances : Time (s): cpu = 00:00:23 ; elapsed = 00:00:26 . Memory (MB): peak = 965.652 ; gain = 361.941
---------------------------------------------------------------------------------

Report RTL Partitions: 
+-+--------------+------------+----------+
| |RTL Partition |Replication |Instances |
+-+--------------+------------+----------+
+-+--------------+------------+----------+
---------------------------------------------------------------------------------
Start Rebuilding User Hierarchy
---------------------------------------------------------------------------------
---------------------------------------------------------------------------------
Finished Rebuilding User Hierarchy : Time (s): cpu = 00:00:23 ; elapsed = 00:00:26 . Memory (MB): peak = 965.652 ; gain = 361.941
---------------------------------------------------------------------------------
---------------------------------------------------------------------------------
Start Renaming Generated Ports
---------------------------------------------------------------------------------
---------------------------------------------------------------------------------
Finished Renaming Generated Ports : Time (s): cpu = 00:00:23 ; elapsed = 00:00:26 . Memory (MB): peak = 965.652 ; gain = 361.941
---------------------------------------------------------------------------------
---------------------------------------------------------------------------------
Start Handling Custom Attributes
---------------------------------------------------------------------------------
---------------------------------------------------------------------------------
Finished Handling Custom Attributes : Time (s): cpu = 00:00:23 ; elapsed = 00:00:26 . Memory (MB): peak = 965.652 ; gain = 361.941
---------------------------------------------------------------------------------
---------------------------------------------------------------------------------
Start Renaming Generated Nets
---------------------------------------------------------------------------------
---------------------------------------------------------------------------------
Finished Renaming Generated Nets : Time (s): cpu = 00:00:23 ; elapsed = 00:00:26 . Memory (MB): peak = 965.652 ; gain = 361.941
---------------------------------------------------------------------------------
---------------------------------------------------------------------------------
Start Writing Synthesis Report
---------------------------------------------------------------------------------

Report BlackBoxes: 
+-+--------------+----------+
| |BlackBox name |Instances |
+-+--------------+----------+
+-+--------------+----------+

Report Cell Usage: 
+------+---------+------+
|      |Cell     |Count |
+------+---------+------+
|1     |BUFG     |     1|
|2     |LUT1     |     1|
|3     |LUT2     |     8|
|4     |LUT3     |     8|
|5     |LUT4     |    25|
|6     |LUT5     |     5|
|7     |LUT6     |    46|
|8     |LUT6_2   |    50|
|9     |MULT_AND |     3|
|10    |MUXCY    |    38|
|11    |MUXF5    |     2|
|12    |MUXF6    |     1|
|13    |RAM32M   |     4|
|14    |RAM64M   |     2|
|15    |RAMB36E1 |     1|
|16    |SRL16E   |    36|
|17    |XORCY    |    38|
|18    |FD       |    49|
|19    |FDCE     |    28|
|20    |FDE      |    26|
|21    |FDR      |    21|
|22    |FDRE     |    26|
|23    |IBUF     |    11|
|24    |OBUF     |     9|
+------+---------+------+

Report Instance Areas: 
+------+--------------+--------------+------+
|      |Instance      |Module        |Cells |
+------+--------------+--------------+------+
|1     |top           |              |   439|
|2     |  kcpsm6_inst |kcpsm6        |   233|
|3     |  my_program  |program       |     1|
|4     |  receive     |uart_rx       |    74|
|5     |    buf_0     |bbfifo_16x8_0 |    28|
|6     |    kcuart    |kcuart_rx     |    46|
|7     |  transmit    |uart_tx       |    65|
|8     |    buf_0     |bbfifo_16x8   |    28|
|9     |    kcuart    |kcuart_tx     |    37|
+------+--------------+--------------+------+
---------------------------------------------------------------------------------
Finished Writing Synthesis Report : Time (s): cpu = 00:00:23 ; elapsed = 00:00:26 . Memory (MB): peak = 965.652 ; gain = 361.941
---------------------------------------------------------------------------------
Synthesis finished with 0 errors, 0 critical warnings and 28 warnings.
Synthesis Optimization Runtime : Time (s): cpu = 00:00:16 ; elapsed = 00:00:24 . Memory (MB): peak = 965.652 ; gain = 283.113
Synthesis Optimization Complete : Time (s): cpu = 00:00:24 ; elapsed = 00:00:27 . Memory (MB): peak = 965.652 ; gain = 361.941
INFO: [Project 1-571] Translating synthesized netlist
INFO: [Netlist 29-17] Analyzing 235 Unisim elements for replacement
INFO: [Netlist 29-28] Unisim Transformation completed in 0 CPU seconds
INFO: [Project 1-570] Preparing netlist for logic optimization
INFO: [Opt 31-138] Pushed 0 inverter(s) to 0 load pin(s).
Netlist sorting complete. Time (s): cpu = 00:00:00 ; elapsed = 00:00:00 . Memory (MB): peak = 976.555 ; gain = 0.000
INFO: [Project 1-111] Unisim Transformation Summary:
  A total of 171 instances were transformed.
  (MUXCY,XORCY) => CARRY4: 13 instances
  FD => FDRE: 49 instances
  FDE => FDRE: 26 instances
  FDR => FDRE: 21 instances
  LUT6_2 => LUT6_2 (LUT5, LUT6): 50 instances
  MULT_AND => LUT2: 3 instances
  MUXF5 => LUT3: 2 instances
  MUXF6 => LUT3: 1 instances
  RAM32M => RAM32M (RAMD32, RAMD32, RAMD32, RAMD32, RAMD32, RAMD32, RAMS32, RAMS32): 4 instances
  RAM64M => RAM64M (RAMD64E, RAMD64E, RAMD64E, RAMD64E): 2 instances

INFO: [Common 17-83] Releasing license: Synthesis
138 Infos, 52 Warnings, 0 Critical Warnings and 0 Errors encountered.
synth_design completed successfully
synth_design: Time (s): cpu = 00:00:29 ; elapsed = 00:00:33 . Memory (MB): peak = 976.555 ; gain = 622.133
Netlist sorting complete. Time (s): cpu = 00:00:00 ; elapsed = 00:00:00.001 . Memory (MB): peak = 976.555 ; gain = 0.000
WARNING: [Constraints 18-5210] No constraints selected for write.
Resolution: This message can indicate that there are no constraints for the design, or it can indicate that the used_in flags are set such that the constraints are ignored. This later case is used when running synth_design to not write synthesis constraints to the resulting checkpoint. Instead, project constraints are read when the synthesized design is opened.
INFO: [Common 17-1381] The checkpoint 'C:/Users/QADEER KHAN/Documents/lab41/lab41.runs/synth_1/loopback.dcp' has been generated.
INFO: [runtcl-4] Executing : report_utilization -file loopback_utilization_synth.rpt -pb loopback_utilization_synth.pb
INFO: [Common 17-206] Exiting Vivado at Wed Dec  3 06:59:53 2025...
