Copyright 1986-2019 Xilinx, Inc. All Rights Reserved.
-------------------------------------------------------------------------------------
| Tool Version : Vivado v.2019.1 (win64) Build 2552052 Fri May 24 14:49:42 MDT 2019
| Date         : Wed Dec  3 07:15:05 2025
| Host         : DESKTOP-02UOHRI running 64-bit major release  (build 9200)
| Command      : report_control_sets -verbose -file loopback_control_sets_placed.rpt
| Design       : loopback
| Device       : xc7a35t
-------------------------------------------------------------------------------------

Control Set Information

Table of Contents
-----------------
1. Summary
2. Histogram
3. Flip-Flop Distribution
4. Detailed Control Set Information

1. Summary
----------

+----------------------------------------------------------+-------+
|                          Status                          | Count |
+----------------------------------------------------------+-------+
| Total control sets                                       |    11 |
|    Minimum number of control sets                        |    11 |
|    Addition due to synthesis replication                 |     0 |
|    Addition due to physical synthesis replication        |     0 |
| Unused register locations in slices containing registers |    21 |
+----------------------------------------------------------+-------+
* Control sets can be merged at opt_design using control_set_merge or merge_equivalent_drivers
** Run report_qor_suggestions for automated merging and remapping suggestions


2. Histogram
------------

+--------------------+-------+
|       Fanout       | Count |
+--------------------+-------+
| Total control sets |    11 |
| >= 0 to < 4        |     1 |
| >= 4 to < 6        |     0 |
| >= 6 to < 8        |     1 |
| >= 8 to < 10       |     3 |
| >= 10 to < 12      |     0 |
| >= 12 to < 14      |     1 |
| >= 14 to < 16      |     0 |
| >= 16              |     5 |
+--------------------+-------+
* Control sets can be remapped at either synth_design or opt_design


3. Flip-Flop Distribution
-------------------------

+--------------+-----------------------+------------------------+-----------------+--------------+
| Clock Enable | Synchronous Set/Reset | Asynchronous Set/Reset | Total Registers | Total Slices |
+--------------+-----------------------+------------------------+-----------------+--------------+
| No           | No                    | No                     |              52 |           14 |
| No           | No                    | Yes                    |              19 |            8 |
| No           | Yes                   | No                     |              14 |            9 |
| Yes          | No                    | No                     |               8 |            1 |
| Yes          | No                    | Yes                    |               8 |            4 |
| Yes          | Yes                   | No                     |              14 |            4 |
+--------------+-----------------------+------------------------+-----------------+--------------+


4. Detailed Control Set Information
-----------------------------------

+----------------+-----------------------------+----------------------------+------------------+----------------+
|  Clock Signal  |        Enable Signal        |      Set/Reset Signal      | Slice Load Count | Bel Load Count |
+----------------+-----------------------------+----------------------------+------------------+----------------+
|  clk_IBUF_BUFG | kcpsm6_inst/flag_enable     | kcpsm6_inst/internal_reset |                1 |              2 |
|  clk_IBUF_BUFG |                             | kcpsm6_inst/internal_reset |                3 |              6 |
|  clk_IBUF_BUFG |                             | my_program/instruction[7]  |                6 |              8 |
|  clk_IBUF_BUFG | kcpsm6_inst/spm_enable      |                            |                2 |              8 |
|  clk_IBUF_BUFG | kcpsm6_inst/E[0]            | rst_IBUF                   |                4 |              8 |
|  clk_IBUF_BUFG | kcpsm6_inst/t_state_0       | kcpsm6_inst/internal_reset |                3 |             12 |
|  clk_IBUF_BUFG | en_16_x_baud_reg_n_0        |                            |                1 |             16 |
|  clk_IBUF_BUFG | kcpsm6_inst/register_enable |                            |                2 |             16 |
|  clk_IBUF_BUFG | kcpsm6_inst/t_state_0       |                            |                2 |             16 |
|  clk_IBUF_BUFG |                             | rst_IBUF                   |                8 |             19 |
|  clk_IBUF_BUFG |                             |                            |               15 |             60 |
+----------------+-----------------------------+----------------------------+------------------+----------------+


